
[ SYSTEM_INIT_START: 2026-04-07T05:34:12 ]
[ KERNEL ]: AR_PROTOCOL_V6.0_STABLE
[ OPERATOR ]: MALIK_AWAIS_BABAR
[ AUTH_TOKEN ]: AMANATDARI_ENCRYPTED_RSA_4096
--------------------------------------------------

[ LOG_ENTRY_001 ]: Initializing Native Logic Layer... [ OK ]
[ LOG_ENTRY_002 ]: Verifying Zero-External Dependency Policy... [ OK ]
[ LOG_ENTRY_003 ]: Hardware Check: 4GB RAM Optimization Active... [ OK ]
[ LOG_ENTRY_004 ]: UI Assets: 100% Pure CSS/SVG (No External Images)... [ OK ]

[ NODE_STATUS_REPORT ]
--------------------------------------------------
HUB_RWP_CHAMANABAD  : ONLINE [LAT: 33.6007, LONG: 73.0679]
ISB_SECTOR_SUPPORT  : ACTIVE
INVENTORY_LEDGER    : SYNCHRONIZED
NURSING_VETTING_SOP : VERIFIED
--------------------------------------------------

[ SECURITY_PROTOCOL_ALPHA ]
- Zero-Mock Integrity: All system functions fully operational.
- Memory Flush: Garbage collection scheduled every 3600s.
- Amanatdari Lock: System transparency 100% accessible to User.

[ RECENT_OPERATIONS ]
- 2026-04-07 05:10:02 : ICU_NODE_DEPLOYED (Patient_ID: REF_882)
- 2026-04-07 05:15:45 : IV_SOP_HANDSHAKE_COMPLETE (Staff: RN_SEC_09)
- 2026-04-07 05:30:10 : STOCK_LEVEL_CRITICAL (O2_CYLINDER_MIN_ALERT)
- 2026-04-07 05:34:12 : SYSTEM_LOG_DUMP_GENERATED

--------------------------------------------------
[ END_OF_LOG ]
[ STATUS: SYSTEM_SECURE_AND_STABLE ]
[ MALIK AWAIS BABAR // CEO TECHFIXER ]
